  RhythmAccuracy.cpp
c:\users\andy wang\source\repos\rhythm-tracker\rhythm-tracker\rhythmaccuracy.cpp(107): warning C4244: 'initializing': conversion from 'double' to 'int', possible loss of data
c:\users\andy wang\source\repos\rhythm-tracker\rhythm-tracker\rhythmaccuracy.cpp(235): warning C4018: '<': signed/unsigned mismatch
c:\users\andy wang\source\repos\rhythm-tracker\rhythm-tracker\rhythmaccuracy.cpp(251): warning C4018: '<': signed/unsigned mismatch
c:\users\andy wang\source\repos\rhythm-tracker\rhythm-tracker\rhythmaccuracy.cpp(262): warning C4244: '+=': conversion from 'double' to 'int', possible loss of data
c:\users\andy wang\source\repos\rhythm-tracker\rhythm-tracker\rhythmaccuracy.cpp(264): warning C4244: 'initializing': conversion from 'double' to 'int', possible loss of data
c:\users\andy wang\source\repos\rhythm-tracker\rhythm-tracker\rhythmaccuracy.cpp(265): warning C4244: 'initializing': conversion from 'double' to 'int', possible loss of data
  main.cpp
c:\users\andy wang\source\repos\rhythm-tracker\rhythm-tracker\rhythmaccuracy.cpp(107): warning C4244: 'initializing': conversion from 'double' to 'int', possible loss of data
c:\users\andy wang\source\repos\rhythm-tracker\rhythm-tracker\rhythmaccuracy.cpp(235): warning C4018: '<': signed/unsigned mismatch
c:\users\andy wang\source\repos\rhythm-tracker\rhythm-tracker\rhythmaccuracy.cpp(251): warning C4018: '<': signed/unsigned mismatch
c:\users\andy wang\source\repos\rhythm-tracker\rhythm-tracker\rhythmaccuracy.cpp(262): warning C4244: '+=': conversion from 'double' to 'int', possible loss of data
c:\users\andy wang\source\repos\rhythm-tracker\rhythm-tracker\rhythmaccuracy.cpp(264): warning C4244: 'initializing': conversion from 'double' to 'int', possible loss of data
c:\users\andy wang\source\repos\rhythm-tracker\rhythm-tracker\rhythmaccuracy.cpp(265): warning C4244: 'initializing': conversion from 'double' to 'int', possible loss of data
c:\users\andy wang\source\repos\rhythm-tracker\rhythm-tracker\audioanalyzer.cpp(21): warning C4244: 'initializing': conversion from '__int64' to 'unsigned int', possible loss of data
c:\users\andy wang\source\repos\rhythm-tracker\rhythm-tracker\windowmaker.cpp(123): warning C4018: '<': signed/unsigned mismatch
c:\users\andy wang\source\repos\rhythm-tracker\rhythm-tracker\main.cpp(30): warning C4244: 'initializing': conversion from '__int64' to 'int', possible loss of data
c:\users\andy wang\source\repos\rhythm-tracker\rhythm-tracker\main.cpp(52): warning C4018: '<': signed/unsigned mismatch
c:\users\andy wang\source\repos\rhythm-tracker\rhythm-tracker\main.cpp(60): warning C4018: '<': signed/unsigned mismatch
  Generating Code...
  Rhythm-Tracker.vcxproj -> C:\Users\Andy Wang\source\repos\Rhythm-Tracker\Debug\Rhythm-Tracker.exe
